This file contains any messages produced by compilers while
running configure, to aid debugging if configure makes a mistake.

It was created by asdl configure 3.0, which was
generated by GNU Autoconf 2.69.  Invocation command line was

  $ ./configure --enable-32-bit --prefix=/workspaces/ml-yacc-calc/src

## --------- ##
## Platform. ##
## --------- ##

hostname = codespaces-242ab1
uname -m = x86_64
uname -r = 5.4.0-1105-azure
uname -s = Linux
uname -v = #111~18.04.1-Ubuntu SMP Fri Mar 3 22:47:43 UTC 2023

/usr/bin/uname -p = x86_64
/bin/uname -X     = unknown

/bin/arch              = x86_64
/usr/bin/arch -k       = unknown
/usr/convex/getsysinfo = unknown
/usr/bin/hostinfo      = unknown
/bin/machine           = unknown
/usr/bin/oslevel       = unknown
/bin/universe          = unknown

PATH: /usr/local/rvm/gems/ruby-3.1.4/bin
PATH: /usr/local/rvm/gems/ruby-3.1.4@global/bin
PATH: /usr/local/rvm/rubies/ruby-3.1.4/bin
PATH: /vscode/bin/linux-x64/704ed70d4fd1c6bd6342c436f1ede30d1cff4710/bin/remote-cli
PATH: /home/codespace/.local/bin
PATH: /home/codespace/.dotnet
PATH: /home/codespace/nvm/current/bin
PATH: /home/codespace/.php/current/bin
PATH: /home/codespace/.python/current/bin
PATH: /home/codespace/java/current/bin
PATH: /home/codespace/.ruby/current/bin
PATH: /home/codespace/.local/bin
PATH: /usr/local/oryx
PATH: /usr/local/go/bin
PATH: /go/bin
PATH: /usr/local/sdkman/bin
PATH: /usr/local/sdkman/candidates/java/current/bin
PATH: /usr/local/sdkman/candidates/gradle/current/bin
PATH: /usr/local/sdkman/candidates/maven/current/bin
PATH: /usr/local/sdkman/candidates/ant/current/bin
PATH: /usr/local/rvm/gems/default/bin
PATH: /usr/local/rvm/gems/default@global/bin
PATH: /usr/local/rvm/rubies/default/bin
PATH: /usr/local/share/rbenv/bin
PATH: /opt/conda/bin
PATH: /usr/local/php/current/bin
PATH: /usr/local/python/current/bin
PATH: /usr/local/py-utils/bin
PATH: /usr/local/nvs
PATH: /usr/local/share/nvm/versions/node/v19.8.1/bin
PATH: /usr/local/hugo/bin
PATH: /usr/local/dotnet/current
PATH: /usr/local/sbin
PATH: /usr/local/bin
PATH: /usr/sbin
PATH: /usr/bin
PATH: /sbin
PATH: /bin
PATH: /home/codespace/.dotnet/tools
PATH: /usr/local/rvm/bin


## ----------- ##
## Core tests. ##
## ----------- ##

configure:2275: checking build system type
configure:2289: result: x86_64-pc-linux-gnu
configure:2309: checking host system type
configure:2322: result: x86_64-pc-linux-gnu
configure:2407: checking for gcc
configure:2423: found /usr/bin/gcc
configure:2434: result: gcc
configure:2663: checking for C compiler version
configure:2672: gcc --version >&5
gcc (Ubuntu 9.4.0-1ubuntu1~20.04.1) 9.4.0
Copyright (C) 2019 Free Software Foundation, Inc.
This is free software; see the source for copying conditions.  There is NO
warranty; not even for MERCHANTABILITY or FITNESS FOR A PARTICULAR PURPOSE.

configure:2683: $? = 0
configure:2672: gcc -v >&5
Using built-in specs.
COLLECT_GCC=gcc
COLLECT_LTO_WRAPPER=/usr/lib/gcc/x86_64-linux-gnu/9/lto-wrapper
OFFLOAD_TARGET_NAMES=nvptx-none:hsa
OFFLOAD_TARGET_DEFAULT=1
Target: x86_64-linux-gnu
Configured with: ../src/configure -v --with-pkgversion='Ubuntu 9.4.0-1ubuntu1~20.04.1' --with-bugurl=file:///usr/share/doc/gcc-9/README.Bugs --enable-languages=c,ada,c++,go,brig,d,fortran,objc,obj-c++,gm2 --prefix=/usr --with-gcc-major-version-only --program-suffix=-9 --program-prefix=x86_64-linux-gnu- --enable-shared --enable-linker-build-id --libexecdir=/usr/lib --without-included-gettext --enable-threads=posix --libdir=/usr/lib --enable-nls --enable-clocale=gnu --enable-libstdcxx-debug --enable-libstdcxx-time=yes --with-default-libstdcxx-abi=new --enable-gnu-unique-object --disable-vtable-verify --enable-plugin --enable-default-pie --with-system-zlib --with-target-system-zlib=auto --enable-objc-gc=auto --enable-multiarch --disable-werror --with-arch-32=i686 --with-abi=m64 --with-multilib-list=m32,m64,mx32 --enable-multilib --with-tune=generic --enable-offload-targets=nvptx-none=/build/gcc-9-Av3uEd/gcc-9-9.4.0/debian/tmp-nvptx/usr,hsa --without-cuda-driver --enable-checking=release --build=x86_64-linux-gnu --host=x86_64-linux-gnu --target=x86_64-linux-gnu
Thread model: posix
gcc version 9.4.0 (Ubuntu 9.4.0-1ubuntu1~20.04.1) 
configure:2683: $? = 0
configure:2672: gcc -V >&5
gcc: error: unrecognized command line option '-V'
gcc: fatal error: no input files
compilation terminated.
configure:2683: $? = 1
configure:2672: gcc -qversion >&5
gcc: error: unrecognized command line option '-qversion'; did you mean '--version'?
gcc: fatal error: no input files
compilation terminated.
configure:2683: $? = 1
configure:2703: checking whether the C compiler works
configure:2725: gcc    conftest.c  >&5
configure:2729: $? = 0
configure:2777: result: yes
configure:2780: checking for C compiler default output file name
configure:2782: result: a.out
configure:2788: checking for suffix of executables
configure:2795: gcc -o conftest    conftest.c  >&5
configure:2799: $? = 0
configure:2821: result: 
configure:2843: checking whether we are cross compiling
configure:2851: gcc -o conftest    conftest.c  >&5
configure:2855: $? = 0
configure:2862: ./conftest
configure:2866: $? = 0
configure:2854: result: no
configure:2859: checking for suffix of object files
configure:2881: gcc -c   conftest.c >&5
configure:2885: $? = 0
configure:2906: result: o
configure:2910: checking whether we are using the GNU C compiler
configure:2929: gcc -c   conftest.c >&5
configure:2929: $? = 0
configure:2938: result: yes
configure:2947: checking whether gcc accepts -g
configure:2967: gcc -c -g  conftest.c >&5
configure:2967: $? = 0
configure:3008: result: yes
configure:3025: checking for gcc option to accept ISO C89
configure:3088: gcc  -c -g -O2  conftest.c >&5
configure:3088: $? = 0
configure:3101: result: none needed
configure:3126: checking how to run the C preprocessor
configure:3157: gcc -E  conftest.c
configure:3157: $? = 0
configure:3171: gcc -E  conftest.c
conftest.c:9:10: fatal error: ac_nonexistent.h: No such file or directory
    9 | #include <ac_nonexistent.h>
      |          ^~~~~~~~~~~~~~~~~~
compilation terminated.
configure:3171: $? = 1
configure: failed program was:
| /* confdefs.h */
| #define PACKAGE_NAME "asdl"
| #define PACKAGE_TARNAME "asdl"
| #define PACKAGE_VERSION "3.0"
| #define PACKAGE_STRING "asdl 3.0"
| #define PACKAGE_BUGREPORT ""
| #define PACKAGE_URL ""
| /* end confdefs.h.  */
| #include <ac_nonexistent.h>
configure:3196: result: gcc -E
configure:3216: gcc -E  conftest.c
configure:3216: $? = 0
configure:3230: gcc -E  conftest.c
conftest.c:9:10: fatal error: ac_nonexistent.h: No such file or directory
    9 | #include <ac_nonexistent.h>
      |          ^~~~~~~~~~~~~~~~~~
compilation terminated.
configure:3230: $? = 1
configure: failed program was:
| /* confdefs.h */
| #define PACKAGE_NAME "asdl"
| #define PACKAGE_TARNAME "asdl"
| #define PACKAGE_VERSION "3.0"
| #define PACKAGE_STRING "asdl 3.0"
| #define PACKAGE_BUGREPORT ""
| #define PACKAGE_URL ""
| /* end confdefs.h.  */
| #include <ac_nonexistent.h>
configure:3370: checking for C compiler version
configure:3379: gcc --version >&5
gcc (Ubuntu 9.4.0-1ubuntu1~20.04.1) 9.4.0
Copyright (C) 2019 Free Software Foundation, Inc.
This is free software; see the source for copying conditions.  There is NO
warranty; not even for MERCHANTABILITY or FITNESS FOR A PARTICULAR PURPOSE.

configure:3390: $? = 0
configure:3379: gcc -v >&5
Using built-in specs.
COLLECT_GCC=gcc
COLLECT_LTO_WRAPPER=/usr/lib/gcc/x86_64-linux-gnu/9/lto-wrapper
OFFLOAD_TARGET_NAMES=nvptx-none:hsa
OFFLOAD_TARGET_DEFAULT=1
Target: x86_64-linux-gnu
Configured with: ../src/configure -v --with-pkgversion='Ubuntu 9.4.0-1ubuntu1~20.04.1' --with-bugurl=file:///usr/share/doc/gcc-9/README.Bugs --enable-languages=c,ada,c++,go,brig,d,fortran,objc,obj-c++,gm2 --prefix=/usr --with-gcc-major-version-only --program-suffix=-9 --program-prefix=x86_64-linux-gnu- --enable-shared --enable-linker-build-id --libexecdir=/usr/lib --without-included-gettext --enable-threads=posix --libdir=/usr/lib --enable-nls --enable-clocale=gnu --enable-libstdcxx-debug --enable-libstdcxx-time=yes --with-default-libstdcxx-abi=new --enable-gnu-unique-object --disable-vtable-verify --enable-plugin --enable-default-pie --with-system-zlib --with-target-system-zlib=auto --enable-objc-gc=auto --enable-multiarch --disable-werror --with-arch-32=i686 --with-abi=m64 --with-multilib-list=m32,m64,mx32 --enable-multilib --with-tune=generic --enable-offload-targets=nvptx-none=/build/gcc-9-Av3uEd/gcc-9-9.4.0/debian/tmp-nvptx/usr,hsa --without-cuda-driver --enable-checking=release --build=x86_64-linux-gnu --host=x86_64-linux-gnu --target=x86_64-linux-gnu
Thread model: posix
gcc version 9.4.0 (Ubuntu 9.4.0-1ubuntu1~20.04.1) 
configure:3390: $? = 0
configure:3379: gcc -V >&5
gcc: error: unrecognized command line option '-V'
gcc: fatal error: no input files
compilation terminated.
configure:3390: $? = 1
configure:3379: gcc -qversion >&5
gcc: error: unrecognized command line option '-qversion'; did you mean '--version'?
gcc: fatal error: no input files
compilation terminated.
configure:3390: $? = 1
configure:3394: checking whether we are using the GNU C compiler
configure:3422: result: yes
configure:3431: checking whether gcc accepts -g
configure:3492: result: yes
configure:3509: checking for gcc option to accept ISO C89
configure:3585: result: none needed
configure:3663: checking for clang++
configure:3679: found /usr/bin/clang++
configure:3690: result: clang++
configure:3717: checking for C++ compiler version
configure:3726: clang++ --version >&5
clang version 10.0.0-4ubuntu1 
Target: x86_64-pc-linux-gnu
Thread model: posix
InstalledDir: /usr/bin
configure:3737: $? = 0
configure:3726: clang++ -v >&5
clang version 10.0.0-4ubuntu1 
Target: x86_64-pc-linux-gnu
Thread model: posix
InstalledDir: /usr/bin
Found candidate GCC installation: /usr/bin/../lib/gcc/x86_64-linux-gnu/9
Found candidate GCC installation: /usr/lib/gcc/x86_64-linux-gnu/9
Selected GCC installation: /usr/bin/../lib/gcc/x86_64-linux-gnu/9
Candidate multilib: .;@m64
Candidate multilib: 32;@m32
Candidate multilib: x32;@mx32
... rest of stderr output deleted ...
configure:3737: $? = 0
configure:3726: clang++ -V >&5
clang: error: argument to '-V' is missing (expected 1 value)
clang: error: no input files
configure:3737: $? = 1
configure:3726: clang++ -qversion >&5
clang: error: unknown argument '-qversion'; did you mean '--version'?
clang: error: no input files
configure:3737: $? = 1
configure:3741: checking whether we are using the GNU C++ compiler
configure:3760: clang++ -c   conftest.cpp >&5
configure:3760: $? = 0
configure:3769: result: yes
configure:3778: checking whether clang++ accepts -g
configure:3798: clang++ -c -g  conftest.cpp >&5
configure:3798: $? = 0
configure:3839: result: yes
configure:3870: checking whether clang++ supports C++11 features by default
configure:4164: clang++ -c -g -O2  conftest.cpp >&5
configure:4164: $? = 0
configure:4171: result: yes
configure:4855: checking for a BSD-compatible install
configure:4923: result: /usr/bin/install -c
configure:4934: checking whether make sets $(MAKE)
configure:4956: result: yes
configure:4990: checking for grep that handles long lines and -e
configure:5048: result: /usr/bin/grep
configure:5053: checking for egrep
configure:5115: result: /usr/bin/grep -E
configure:5120: checking for ANSI C header files
configure:5140: gcc -c -g -O2  conftest.c >&5
configure:5140: $? = 0
configure:5213: gcc -o conftest -g -O2   conftest.c  >&5
configure:5213: $? = 0
configure:5213: ./conftest
configure:5213: $? = 0
configure:5224: result: yes
configure:5237: checking for sys/types.h
configure:5237: gcc -c -g -O2  conftest.c >&5
configure:5237: $? = 0
configure:5237: result: yes
configure:5237: checking for sys/stat.h
configure:5237: gcc -c -g -O2  conftest.c >&5
configure:5237: $? = 0
configure:5237: result: yes
configure:5237: checking for stdlib.h
configure:5237: gcc -c -g -O2  conftest.c >&5
configure:5237: $? = 0
configure:5237: result: yes
configure:5237: checking for string.h
configure:5237: gcc -c -g -O2  conftest.c >&5
configure:5237: $? = 0
configure:5237: result: yes
configure:5237: checking for memory.h
configure:5237: gcc -c -g -O2  conftest.c >&5
configure:5237: $? = 0
configure:5237: result: yes
configure:5237: checking for strings.h
configure:5237: gcc -c -g -O2  conftest.c >&5
configure:5237: $? = 0
configure:5237: result: yes
configure:5237: checking for inttypes.h
configure:5237: gcc -c -g -O2  conftest.c >&5
configure:5237: $? = 0
configure:5237: result: yes
configure:5237: checking for stdint.h
configure:5237: gcc -c -g -O2  conftest.c >&5
configure:5237: $? = 0
configure:5237: result: yes
configure:5237: checking for unistd.h
configure:5237: gcc -c -g -O2  conftest.c >&5
configure:5237: $? = 0
configure:5237: result: yes
configure:5253: checking size of int
configure:5258: gcc -o conftest -g -O2   conftest.c  >&5
configure:5258: $? = 0
configure:5258: ./conftest
configure:5258: $? = 0
configure:5272: result: 4
configure:5287: checking size of long
configure:5292: gcc -o conftest -g -O2   conftest.c  >&5
configure:5292: $? = 0
configure:5292: ./conftest
configure:5292: $? = 0
configure:5306: result: 8
configure:5321: checking size of float
configure:5326: gcc -o conftest -g -O2   conftest.c  >&5
configure:5326: $? = 0
configure:5326: ./conftest
configure:5326: $? = 0
configure:5340: result: 4
configure:5355: checking size of double
configure:5360: gcc -o conftest -g -O2   conftest.c  >&5
configure:5360: $? = 0
configure:5360: ./conftest
configure:5360: $? = 0
configure:5374: result: 8
configure:5539: checking version of SML/NJ
configure:5565: result: 110.98.1
configure:5573: checking heap suffix of SML/NJ
configure:5582: result: x86-linux
configure:5601: checking for ml-makedepend
configure:5619: found /workspaces/ml-yacc-calc/src/bin/ml-makedepend
configure:5632: result: /workspaces/ml-yacc-calc/src/bin/ml-makedepend
configure:5645: checking for ml-build
configure:5663: found /workspaces/ml-yacc-calc/src/bin/ml-build
configure:5676: result: /workspaces/ml-yacc-calc/src/bin/ml-build
configure:5724: checking for ld
configure:5742: found /usr/bin/ld
configure:5755: result: /usr/bin/ld
configure:5928: creating ./config.status

## ---------------------- ##
## Running config.status. ##
## ---------------------- ##

This file was extended by asdl config.status 3.0, which was
generated by GNU Autoconf 2.69.  Invocation command line was

  CONFIG_FILES    = 
  CONFIG_HEADERS  = 
  CONFIG_LINKS    = 
  CONFIG_COMMANDS = 
  $ ./config.status 

on codespaces-242ab1

config.status:863: creating Makefile
config.status:863: creating doc/Makefile
config.status:863: creating doc/manual-2.0/Makefile
config.status:863: creating doc/manual-3.0/Makefile
config.status:863: creating examples/Makefile
config.status:863: creating src/Makefile
config.status:863: creating src/asdlgen/Makefile
config.status:863: creating src/lib/Makefile
config.status:863: creating src/lib/cxx/Makefile
config.status:863: creating src/tests/Makefile
config.status:863: creating src/tests/basics/Makefile
config.status:863: creating src/tests/options/Makefile
config.status:863: creating src/tests/primitives/Makefile
config.status:863: creating src/tests/sequences/Makefile
config.status:863: creating src/asdlgen/common/config.sml
config.status:863: creating bin/install-sml-wrapper.sh
config.status:863: creating src/gen/fragments/mkfrags.sh
config.status:863: creating src/gen/fragments/mkmk.sh
config.status:863: creating src/lib/cxx/include/asdl/config.h

## ---------------- ##
## Cache variables. ##
## ---------------- ##

ac_cv_build=x86_64-pc-linux-gnu
ac_cv_c_compiler_gnu=yes
ac_cv_cxx_compiler_gnu=yes
ac_cv_env_CCC_set=
ac_cv_env_CCC_value=
ac_cv_env_CC_set=
ac_cv_env_CC_value=
ac_cv_env_CFLAGS_set=
ac_cv_env_CFLAGS_value=
ac_cv_env_CPPFLAGS_set=
ac_cv_env_CPPFLAGS_value=
ac_cv_env_CPP_set=
ac_cv_env_CPP_value=
ac_cv_env_CXXFLAGS_set=
ac_cv_env_CXXFLAGS_value=
ac_cv_env_CXX_set=
ac_cv_env_CXX_value=
ac_cv_env_LDFLAGS_set=
ac_cv_env_LDFLAGS_value=
ac_cv_env_LIBS_set=
ac_cv_env_LIBS_value=
ac_cv_env_build_alias_set=
ac_cv_env_build_alias_value=
ac_cv_env_host_alias_set=
ac_cv_env_host_alias_value=
ac_cv_env_target_alias_set=
ac_cv_env_target_alias_value=
ac_cv_header_inttypes_h=yes
ac_cv_header_memory_h=yes
ac_cv_header_stdc=yes
ac_cv_header_stdint_h=yes
ac_cv_header_stdlib_h=yes
ac_cv_header_string_h=yes
ac_cv_header_strings_h=yes
ac_cv_header_sys_stat_h=yes
ac_cv_header_sys_types_h=yes
ac_cv_header_unistd_h=yes
ac_cv_host=x86_64-pc-linux-gnu
ac_cv_objext=o
ac_cv_path_EGREP='/usr/bin/grep -E'
ac_cv_path_GREP=/usr/bin/grep
ac_cv_path_LD=/usr/bin/ld
ac_cv_path_ML_BUILD=/workspaces/ml-yacc-calc/src/bin/ml-build
ac_cv_path_ML_MAKEDEPEND=/workspaces/ml-yacc-calc/src/bin/ml-makedepend
ac_cv_path_install='/usr/bin/install -c'
ac_cv_prog_CPP='gcc -E'
ac_cv_prog_ac_ct_CC=gcc
ac_cv_prog_ac_ct_CXX=clang++
ac_cv_prog_cc_c89=
ac_cv_prog_cc_g=yes
ac_cv_prog_cxx_g=yes
ac_cv_prog_make_make_set=yes
ac_cv_sizeof_double=8
ac_cv_sizeof_float=4
ac_cv_sizeof_int=4
ac_cv_sizeof_long=8
ax_cv_cxx_compile_cxx11=yes

## ----------------- ##
## Output variables. ##
## ----------------- ##

ASDLGEN_SRCDIR='/workspaces/ml-yacc-calc/src/asdl/src/asdlgen'
ASDL_BINDIR='/workspaces/ml-yacc-calc/src/asdl/bin'
ASDL_INCDIR='/workspaces/ml-yacc-calc/src/asdl/include'
ASDL_LIBDIR='/workspaces/ml-yacc-calc/src/asdl/lib'
ASDL_MKDIR='/workspaces/ml-yacc-calc/src/asdl/mk'
ASDL_ROOT='/workspaces/ml-yacc-calc/src/asdl'
ASDL_SRCDIR='/workspaces/ml-yacc-calc/src/asdl/src'
CC='gcc'
CFLAGS='-g -O2'
CPP='gcc -E'
CPPFLAGS=''
CXX='clang++'
CXXFLAGS='-g -O2'
CXXFLAG_fPIC='-fPIC'
DEFS='-DHAVE_CONFIG_H'
DSLEXT='so'
ECHO_C=''
ECHO_N='-n'
ECHO_T=''
EGREP='/usr/bin/grep -E'
EXEEXT=''
GREP='/usr/bin/grep'
HAVE_CXX11='1'
HEAP_IMAGE_DIR='/workspaces/ml-yacc-calc/src/asdl/bin/.heap'
INSTALL_DATA='${INSTALL} -m 644'
INSTALL_PROGRAM='${INSTALL}'
INSTALL_SCRIPT='${INSTALL}'
INSTALL_SMLNJ_WRAPPER='/workspaces/ml-yacc-calc/src/asdl/bin/install-sml-wrapper.sh'
LD='/usr/bin/ld'
LDFLAGS=''
LD_DYNAMIC='clang++ -shared'
LD_STATIC='/usr/bin/ld'
LIBOBJS=''
LIBS=''
LTLIBOBJS=''
MLTON=''
ML_BUILD='/workspaces/ml-yacc-calc/src/bin/ml-build'
ML_MAKEDEPEND='/workspaces/ml-yacc-calc/src/bin/ml-makedepend'
OBJEXT='o'
PACKAGE_BUGREPORT=''
PACKAGE_NAME='asdl'
PACKAGE_STRING='asdl 3.0'
PACKAGE_TARNAME='asdl'
PACKAGE_URL=''
PACKAGE_VERSION='3.0'
PATH_SEPARATOR=':'
SET_MAKE=''
SHELL='/bin/bash'
SIZEOF_C_DOUBLE='8'
SIZEOF_C_FLOAT='4'
SIZEOF_C_INT='4'
SIZEOF_C_LONG='8'
SML='smlnj'
SMLNJ_ARCH='x86'
SMLNJ_CMD='/workspaces/ml-yacc-calc/src/bin/sml'
SMLNJ_HEAP_SUFFIX='x86-linux'
SMLNJ_OPSYS='linux'
SMLNJ_PATH='/workspaces/ml-yacc-calc/src/bin'
SMLNJ_SIZE='-32'
SML_CMD='/workspaces/ml-yacc-calc/src/bin/sml'
ac_ct_CC='gcc'
ac_ct_CXX='clang++'
bindir='${exec_prefix}/bin'
build='x86_64-pc-linux-gnu'
build_alias=''
build_cpu='x86_64'
build_os='linux-gnu'
build_vendor='pc'
datadir='${datarootdir}'
datarootdir='${prefix}/share'
docdir='${datarootdir}/doc/${PACKAGE_TARNAME}'
dvidir='${docdir}'
exec_prefix='${prefix}'
host='x86_64-pc-linux-gnu'
host_alias=''
host_cpu='x86_64'
host_os='linux-gnu'
host_vendor='pc'
htmldir='${docdir}'
includedir='${prefix}/include'
infodir='${datarootdir}/info'
libdir='${exec_prefix}/lib'
libexecdir='${exec_prefix}/libexec'
localedir='${datarootdir}/locale'
localstatedir='${prefix}/var'
mandir='${datarootdir}/man'
oldincludedir='/usr/include'
pdfdir='${docdir}'
prefix='/workspaces/ml-yacc-calc/src'
program_transform_name='s,x,x,'
psdir='${docdir}'
sbindir='${exec_prefix}/sbin'
sharedstatedir='${prefix}/com'
sysconfdir='${prefix}/etc'
target_alias=''
with_mlton='no'

## ----------- ##
## confdefs.h. ##
## ----------- ##

/* confdefs.h */
#define PACKAGE_NAME "asdl"
#define PACKAGE_TARNAME "asdl"
#define PACKAGE_VERSION "3.0"
#define PACKAGE_STRING "asdl 3.0"
#define PACKAGE_BUGREPORT ""
#define PACKAGE_URL ""
#define HAVE_CXX11 1
#define STDC_HEADERS 1
#define HAVE_SYS_TYPES_H 1
#define HAVE_SYS_STAT_H 1
#define HAVE_STDLIB_H 1
#define HAVE_STRING_H 1
#define HAVE_MEMORY_H 1
#define HAVE_STRINGS_H 1
#define HAVE_INTTYPES_H 1
#define HAVE_STDINT_H 1
#define HAVE_UNISTD_H 1
#define SIZEOF_INT 4
#define SIZEOF_LONG 8
#define SIZEOF_FLOAT 4
#define SIZEOF_DOUBLE 8

configure: exit 0
